[2026-04-29 05:04:32] bootstrap-hit uri=/onte/ writable=yes
[2026-04-29 07:00:16] bootstrap-hit uri=/onte/ writable=yes
[2026-04-29 07:00:26] bootstrap-hit uri=/onte/auth/login writable=yes
[2026-04-29 07:00:26] bootstrap-hit uri=/onte/dashboard writable=yes
[2026-04-29 07:00:28] bootstrap-hit uri=/onte/dashboard/get_monthly_visa_by_travel writable=yes
[2026-04-29 07:01:04] bootstrap-hit uri=/onte/qr writable=yes
[2026-04-29 07:01:08] bootstrap-hit uri=/onte/qr-upload writable=yes
[2026-04-29 07:08:36] bootstrap-hit uri=/onte/database writable=yes
[2026-04-29 07:09:13] bootstrap-hit uri=/onte/qr writable=yes
[2026-04-29 07:09:19] bootstrap-hit uri=/onte/qr-upload writable=yes
[2026-04-29 07:09:29] bootstrap-hit uri=/onte/database writable=yes
[2026-04-29 07:09:33] bootstrap-hit uri=/onte/upload/view_barcode/ZVISA8PAX-2025-11-04_b50d1ca0_1764046890.jpg writable=yes
[2026-04-29 07:14:57] bootstrap-hit uri=/onte/ writable=yes
[2026-04-29 07:15:04] bootstrap-hit uri=/onte/auth/login writable=yes
[2026-04-29 07:15:04] bootstrap-hit uri=/onte/dashboard writable=yes
[2026-04-29 07:15:05] bootstrap-hit uri=/onte/dashboard/get_monthly_visa_by_travel writable=yes
[2026-04-29 07:15:10] bootstrap-hit uri=/onte/qr-upload writable=yes
[2026-04-29 07:19:36] bootstrap-hit uri=/onte/qr-upload writable=yes
[2026-04-29 07:19:43] bootstrap-hit uri=/onte/qr-upload writable=yes
[2026-04-29 07:19:47] bootstrap-hit uri=/onte/qr-data writable=yes
[2026-04-29 07:19:56] bootstrap-hit uri=/onte/qr-upload writable=yes
[2026-04-29 07:20:01] bootstrap-hit uri=/onte/qr-data writable=yes
[2026-04-29 07:21:24] bootstrap-hit uri=/onte/qr-data writable=yes
[2026-04-29 07:21:34] bootstrap-hit uri=/onte/qr-data writable=yes
[2026-04-29 07:21:44] bootstrap-hit uri=/onte/qr-upload writable=yes
[2026-04-29 07:22:01] bootstrap-hit uri=/onte/dashboard writable=yes
[2026-04-29 07:22:03] bootstrap-hit uri=/onte/dashboard/get_monthly_visa_by_travel writable=yes
[2026-04-29 07:22:04] bootstrap-hit uri=/onte/database/index?flag_doc=&tanggaljam=2026-04-24%2020:40&status=&gender=P&has_barcode=1 writable=yes
[2026-04-29 07:22:14] bootstrap-hit uri=/onte/database/index writable=yes
[2026-04-29 07:22:27] bootstrap-hit uri=/onte/todo writable=yes
[2026-04-29 07:23:15] bootstrap-hit uri=/onte/database/index writable=yes
[2026-04-29 07:24:14] bootstrap-hit uri=/onte/dashboard writable=yes
[2026-04-29 07:24:15] bootstrap-hit uri=/onte/dashboard/get_monthly_visa_by_travel writable=yes
[2026-04-29 07:24:16] bootstrap-hit uri=/onte/database/index?flag_doc=&tanggaljam=2026-04-25%2020:40&status=&gender=P&has_barcode=1 writable=yes
[2026-04-29 07:24:19] bootstrap-hit uri=/onte/dashboard writable=yes
[2026-04-29 07:24:20] bootstrap-hit uri=/onte/dashboard/get_monthly_visa_by_travel writable=yes
[2026-04-29 07:24:48] bootstrap-hit uri=/onte/dashboard writable=yes
[2026-04-29 07:24:49] bootstrap-hit uri=/onte/dashboard/get_monthly_visa_by_travel writable=yes
[2026-04-29 07:24:50] bootstrap-hit uri=/onte/dashboard writable=yes
[2026-04-29 07:24:51] bootstrap-hit uri=/onte/dashboard/get_monthly_visa_by_travel writable=yes
[2026-04-29 07:25:04] bootstrap-hit uri=/onte/ writable=yes
[2026-04-29 07:25:05] bootstrap-hit uri=/onte/dashboard writable=yes
[2026-04-29 07:25:05] bootstrap-hit uri=/onte/dashboard/get_monthly_visa_by_travel writable=yes
[2026-04-29 07:25:08] bootstrap-hit uri=/onte/database/index?flag_doc=&tanggaljam=2026-04-24%2020:40&status=&gender=P&has_barcode=1 writable=yes
[2026-04-29 07:25:12] bootstrap-hit uri=/onte/database/index writable=yes
[2026-04-29 07:25:21] bootstrap-hit uri=/onte/database/index writable=yes
[2026-04-29 07:25:30] bootstrap-hit uri=/onte/database/update_ajax/14357 writable=yes
[2026-04-29 07:25:32] bootstrap-hit uri=/onte/database/index writable=yes
[2026-04-29 07:30:29] bootstrap-hit uri=/onte/qr-upload writable=yes
[2026-04-29 07:30:32] bootstrap-hit uri=/onte/qr-upload writable=yes
[2026-04-29 07:30:33] bootstrap-hit uri=/onte/qr-data writable=yes
[2026-04-29 07:30:50] bootstrap-hit uri=/onte/qr-data writable=yes
[2026-04-29 07:32:35] bootstrap-hit uri=/onte/qr-data writable=yes
[2026-04-29 07:33:41] bootstrap-hit uri=/onte/qr-data writable=yes
[2026-04-29 07:34:21] bootstrap-hit uri=/onte/qr-data writable=yes
[2026-04-29 07:42:34] bootstrap-hit uri=/onte/qr-data writable=yes
[2026-04-29 07:42:45] bootstrap-hit uri=/onte/qr-data writable=yes
[2026-04-29 07:43:24] bootstrap-hit uri=/onte/qr-data writable=yes
[2026-04-29 07:46:23] bootstrap-hit uri=/onte/qr-data writable=yes
[2026-04-29 07:47:03] bootstrap-hit uri=/onte/qr-data/save writable=yes
[2026-04-29 07:47:57] bootstrap-hit uri=/onte/qr-data writable=yes
[2026-04-29 07:48:27] bootstrap-hit uri=/onte/qr-data writable=yes
[2026-04-29 07:49:15] bootstrap-hit uri=/onte/qr-data writable=yes
[2026-04-29 07:49:58] bootstrap-hit uri=/onte/qr-data writable=yes
[2026-04-29 07:50:26] bootstrap-hit uri=/onte/qr-data/save writable=yes
[2026-04-29 07:50:26] bootstrap-hit uri=/onte/qr-data writable=yes
[2026-04-29 07:50:45] bootstrap-hit uri=/onte/qr-data writable=yes
[2026-04-29 07:51:01] bootstrap-hit uri=/onte/qr-data/save writable=yes
[2026-04-29 07:51:01] bootstrap-hit uri=/onte/qr-data writable=yes
[2026-04-29 07:52:34] bootstrap-hit uri=/onte/qr-data writable=yes
[2026-04-29 07:53:51] bootstrap-hit uri=/onte/qr-data writable=yes
[2026-04-29 07:54:26] bootstrap-hit uri=/onte/qr-data writable=yes
[2026-04-29 07:54:30] bootstrap-hit uri=/onte/qr-data writable=yes
[2026-04-29 07:55:54] bootstrap-hit uri=/onte/qr-data writable=yes
[2026-04-29 07:55:56] bootstrap-hit uri=/onte/qr writable=yes
[2026-04-29 07:55:59] bootstrap-hit uri=/onte/qr-data writable=yes
[2026-04-29 07:56:38] bootstrap-hit uri=/onte/qr-data writable=yes
[2026-04-29 07:56:51] bootstrap-hit uri=/onte/qr-data writable=yes
[2026-04-29 08:03:48] bootstrap-hit uri=/onte/qr-data writable=yes
[2026-04-29 08:04:13] bootstrap-hit uri=/onte/qr-data?booking_id=&barcode_data=&tanggaljam= writable=yes
[2026-04-29 08:04:17] bootstrap-hit uri=/onte/qr-data?booking_id=&barcode_data=&tanggaljam=09+Apr+2026+16%3A00 writable=yes
[2026-04-29 08:17:55] bootstrap-hit uri=/onte/qr-data?booking_id=&barcode_data=&tanggaljam=09+Apr+2026+16%3A00 writable=yes
[2026-04-29 08:18:43] bootstrap-hit uri=/onte/qr-data?booking_id=&barcode_data=&tanggaljam=09+Apr+2026+16%3A00 writable=yes
[2026-04-29 08:20:37] bootstrap-hit uri=/onte/qr-data?booking_id=&barcode_data=&tanggaljam=09+Apr+2026+16%3A00 writable=yes
[2026-04-29 08:26:18] bootstrap-hit uri=/onte/qr-data?booking_id=&barcode_data=&tanggaljam=09+Apr+2026+16%3A00 writable=yes
[2026-04-29 08:26:37] bootstrap-hit uri=/onte/qr writable=yes
[2026-04-29 08:28:15] bootstrap-hit uri=/onte/qr-data?booking_id=&barcode_data=&tanggaljam=09+Apr+2026+16%3A00 writable=yes
[2026-04-29 08:29:34] bootstrap-hit uri=/onte/qr-data?booking_id=&barcode_data=&tanggaljam=09+Apr+2026+16%3A00 writable=yes
[2026-04-29 08:32:29] bootstrap-hit uri=/onte/qr-data?booking_id=&barcode_data=&tanggaljam=09+Apr+2026+16%3A00 writable=yes
[2026-04-29 08:37:18] bootstrap-hit uri=/onte/qr-data?booking_id=&barcode_data=&tanggaljam=09+Apr+2026+16%3A00 writable=yes
[2026-04-29 08:40:09] bootstrap-hit uri=/onte/qr-data?booking_id=&barcode_data=&tanggaljam=09+Apr+2026+16%3A00 writable=yes
[2026-04-29 08:44:01] bootstrap-hit uri=/onte/qr-data writable=yes
